<?xml version="1.0" encoding="UTF-8"?>
<testsuite xmlns:xsi="http://www.w3.org/2001/XMLSchema-instance" xsi:noNamespaceSchemaLocation="https://maven.apache.org/surefire/maven-surefire-plugin/xsd/surefire-test-report.xsd" name="com.example.springrabbitmq.SpringRabbitmqApplicationTests" time="5.16" tests="1" errors="0" skipped="0" failures="0">
  <properties>
    <property name="java.specification.version" value="18"/>
    <property name="sun.cpu.isalist" value="amd64"/>
    <property name="sun.jnu.encoding" value="Cp1254"/>
    <property name="java.class.path" value="C:\Users\P1608\Desktop\MERT\MERT\Projects\SpringBootProjects\kubernetes-spring-rabbitmq\producer\target\test-classes;C:\Users\P1608\Desktop\MERT\MERT\Projects\SpringBootProjects\kubernetes-spring-rabbitmq\producer\target\classes;C:\Users\P1608\.m2\repository\org\springframework\boot\spring-boot-starter-amqp\2.7.6\spring-boot-starter-amqp-2.7.6.jar;C:\Users\P1608\.m2\repository\org\springframework\boot\spring-boot-starter\2.7.6\spring-boot-starter-2.7.6.jar;C:\Users\P1608\.m2\repository\org\springframework\boot\spring-boot\2.7.6\spring-boot-2.7.6.jar;C:\Users\P1608\.m2\repository\org\springframework\boot\spring-boot-autoconfigure\2.7.6\spring-boot-autoconfigure-2.7.6.jar;C:\Users\P1608\.m2\repository\org\springframework\boot\spring-boot-starter-logging\2.7.6\spring-boot-starter-logging-2.7.6.jar;C:\Users\P1608\.m2\repository\ch\qos\logback\logback-classic\1.2.11\logback-classic-1.2.11.jar;C:\Users\P1608\.m2\repository\ch\qos\logback\logback-core\1.2.11\logback-core-1.2.11.jar;C:\Users\P1608\.m2\repository\org\apache\logging\log4j\log4j-to-slf4j\2.17.2\log4j-to-slf4j-2.17.2.jar;C:\Users\P1608\.m2\repository\org\apache\logging\log4j\log4j-api\2.17.2\log4j-api-2.17.2.jar;C:\Users\P1608\.m2\repository\org\slf4j\jul-to-slf4j\1.7.36\jul-to-slf4j-1.7.36.jar;C:\Users\P1608\.m2\repository\jakarta\annotation\jakarta.annotation-api\1.3.5\jakarta.annotation-api-1.3.5.jar;C:\Users\P1608\.m2\repository\org\yaml\snakeyaml\1.30\snakeyaml-1.30.jar;C:\Users\P1608\.m2\repository\org\springframework\spring-messaging\5.3.24\spring-messaging-5.3.24.jar;C:\Users\P1608\.m2\repository\org\springframework\spring-beans\5.3.24\spring-beans-5.3.24.jar;C:\Users\P1608\.m2\repository\org\springframework\amqp\spring-rabbit\2.4.8\spring-rabbit-2.4.8.jar;C:\Users\P1608\.m2\repository\org\springframework\amqp\spring-amqp\2.4.8\spring-amqp-2.4.8.jar;C:\Users\P1608\.m2\repository\org\springframework\retry\spring-retry\1.3.4\spring-retry-1.3.4.jar;C:\Users\P1608\.m2\repository\com\rabbitmq\amqp-client\5.14.2\amqp-client-5.14.2.jar;C:\Users\P1608\.m2\repository\org\springframework\spring-context\5.3.24\spring-context-5.3.24.jar;C:\Users\P1608\.m2\repository\org\springframework\spring-tx\5.3.24\spring-tx-5.3.24.jar;C:\Users\P1608\.m2\repository\org\springframework\boot\spring-boot-starter-web\2.7.6\spring-boot-starter-web-2.7.6.jar;C:\Users\P1608\.m2\repository\org\springframework\boot\spring-boot-starter-json\2.7.6\spring-boot-starter-json-2.7.6.jar;C:\Users\P1608\.m2\repository\com\fasterxml\jackson\core\jackson-databind\2.13.4.2\jackson-databind-2.13.4.2.jar;C:\Users\P1608\.m2\repository\com\fasterxml\jackson\core\jackson-annotations\2.13.4\jackson-annotations-2.13.4.jar;C:\Users\P1608\.m2\repository\com\fasterxml\jackson\core\jackson-core\2.13.4\jackson-core-2.13.4.jar;C:\Users\P1608\.m2\repository\com\fasterxml\jackson\datatype\jackson-datatype-jdk8\2.13.4\jackson-datatype-jdk8-2.13.4.jar;C:\Users\P1608\.m2\repository\com\fasterxml\jackson\datatype\jackson-datatype-jsr310\2.13.4\jackson-datatype-jsr310-2.13.4.jar;C:\Users\P1608\.m2\repository\com\fasterxml\jackson\module\jackson-module-parameter-names\2.13.4\jackson-module-parameter-names-2.13.4.jar;C:\Users\P1608\.m2\repository\org\springframework\boot\spring-boot-starter-tomcat\2.7.6\spring-boot-starter-tomcat-2.7.6.jar;C:\Users\P1608\.m2\repository\org\apache\tomcat\embed\tomcat-embed-core\9.0.69\tomcat-embed-core-9.0.69.jar;C:\Users\P1608\.m2\repository\org\apache\tomcat\embed\tomcat-embed-el\9.0.69\tomcat-embed-el-9.0.69.jar;C:\Users\P1608\.m2\repository\org\apache\tomcat\embed\tomcat-embed-websocket\9.0.69\tomcat-embed-websocket-9.0.69.jar;C:\Users\P1608\.m2\repository\org\springframework\spring-web\5.3.24\spring-web-5.3.24.jar;C:\Users\P1608\.m2\repository\org\springframework\spring-webmvc\5.3.24\spring-webmvc-5.3.24.jar;C:\Users\P1608\.m2\repository\org\springframework\spring-aop\5.3.24\spring-aop-5.3.24.jar;C:\Users\P1608\.m2\repository\org\springframework\spring-expression\5.3.24\spring-expression-5.3.24.jar;C:\Users\P1608\.m2\repository\org\projectlombok\lombok\1.18.24\lombok-1.18.24.jar;C:\Users\P1608\.m2\repository\org\springframework\boot\spring-boot-starter-test\2.7.6\spring-boot-starter-test-2.7.6.jar;C:\Users\P1608\.m2\repository\org\springframework\boot\spring-boot-test\2.7.6\spring-boot-test-2.7.6.jar;C:\Users\P1608\.m2\repository\org\springframework\boot\spring-boot-test-autoconfigure\2.7.6\spring-boot-test-autoconfigure-2.7.6.jar;C:\Users\P1608\.m2\repository\com\jayway\jsonpath\json-path\2.7.0\json-path-2.7.0.jar;C:\Users\P1608\.m2\repository\net\minidev\json-smart\2.4.8\json-smart-2.4.8.jar;C:\Users\P1608\.m2\repository\net\minidev\accessors-smart\2.4.8\accessors-smart-2.4.8.jar;C:\Users\P1608\.m2\repository\org\ow2\asm\asm\9.1\asm-9.1.jar;C:\Users\P1608\.m2\repository\org\slf4j\slf4j-api\1.7.36\slf4j-api-1.7.36.jar;C:\Users\P1608\.m2\repository\jakarta\xml\bind\jakarta.xml.bind-api\2.3.3\jakarta.xml.bind-api-2.3.3.jar;C:\Users\P1608\.m2\repository\jakarta\activation\jakarta.activation-api\1.2.2\jakarta.activation-api-1.2.2.jar;C:\Users\P1608\.m2\repository\org\assertj\assertj-core\3.22.0\assertj-core-3.22.0.jar;C:\Users\P1608\.m2\repository\org\hamcrest\hamcrest\2.2\hamcrest-2.2.jar;C:\Users\P1608\.m2\repository\org\junit\jupiter\junit-jupiter\5.8.2\junit-jupiter-5.8.2.jar;C:\Users\P1608\.m2\repository\org\junit\jupiter\junit-jupiter-api\5.8.2\junit-jupiter-api-5.8.2.jar;C:\Users\P1608\.m2\repository\org\opentest4j\opentest4j\1.2.0\opentest4j-1.2.0.jar;C:\Users\P1608\.m2\repository\org\junit\platform\junit-platform-commons\1.8.2\junit-platform-commons-1.8.2.jar;C:\Users\P1608\.m2\repository\org\apiguardian\apiguardian-api\1.1.2\apiguardian-api-1.1.2.jar;C:\Users\P1608\.m2\repository\org\junit\jupiter\junit-jupiter-params\5.8.2\junit-jupiter-params-5.8.2.jar;C:\Users\P1608\.m2\repository\org\junit\jupiter\junit-jupiter-engine\5.8.2\junit-jupiter-engine-5.8.2.jar;C:\Users\P1608\.m2\repository\org\junit\platform\junit-platform-engine\1.8.2\junit-platform-engine-1.8.2.jar;C:\Users\P1608\.m2\repository\org\mockito\mockito-core\4.5.1\mockito-core-4.5.1.jar;C:\Users\P1608\.m2\repository\net\bytebuddy\byte-buddy\1.12.19\byte-buddy-1.12.19.jar;C:\Users\P1608\.m2\repository\net\bytebuddy\byte-buddy-agent\1.12.19\byte-buddy-agent-1.12.19.jar;C:\Users\P1608\.m2\repository\org\objenesis\objenesis\3.2\objenesis-3.2.jar;C:\Users\P1608\.m2\repository\org\mockito\mockito-junit-jupiter\4.5.1\mockito-junit-jupiter-4.5.1.jar;C:\Users\P1608\.m2\repository\org\skyscreamer\jsonassert\1.5.1\jsonassert-1.5.1.jar;C:\Users\P1608\.m2\repository\com\vaadin\external\google\android-json\0.0.20131108.vaadin1\android-json-0.0.20131108.vaadin1.jar;C:\Users\P1608\.m2\repository\org\springframework\spring-core\5.3.24\spring-core-5.3.24.jar;C:\Users\P1608\.m2\repository\org\springframework\spring-jcl\5.3.24\spring-jcl-5.3.24.jar;C:\Users\P1608\.m2\repository\org\springframework\spring-test\5.3.24\spring-test-5.3.24.jar;C:\Users\P1608\.m2\repository\org\xmlunit\xmlunit-core\2.9.0\xmlunit-core-2.9.0.jar;C:\Users\P1608\.m2\repository\org\springframework\amqp\spring-rabbit-test\2.4.8\spring-rabbit-test-2.4.8.jar;C:\Users\P1608\.m2\repository\org\springframework\amqp\spring-rabbit-junit\2.4.8\spring-rabbit-junit-2.4.8.jar;C:\Users\P1608\.m2\repository\org\apache\httpcomponents\httpclient\4.5.13\httpclient-4.5.13.jar;C:\Users\P1608\.m2\repository\org\apache\httpcomponents\httpcore\4.4.15\httpcore-4.4.15.jar;C:\Users\P1608\.m2\repository\commons-codec\commons-codec\1.15\commons-codec-1.15.jar;C:\Users\P1608\.m2\repository\org\hamcrest\hamcrest-library\2.2\hamcrest-library-2.2.jar;C:\Users\P1608\.m2\repository\org\hamcrest\hamcrest-core\2.2\hamcrest-core-2.2.jar;C:\Users\P1608\.m2\repository\io\opentracing\contrib\opentracing-spring-jaeger-cloud-starter\3.3.1\opentracing-spring-jaeger-cloud-starter-3.3.1.jar;C:\Users\P1608\.m2\repository\io\opentracing\contrib\opentracing-spring-jaeger-starter\3.3.1\opentracing-spring-jaeger-starter-3.3.1.jar;C:\Users\P1608\.m2\repository\io\opentracing\contrib\opentracing-spring-tracer-configuration-starter\0.4.0\opentracing-spring-tracer-configuration-starter-0.4.0.jar;C:\Users\P1608\.m2\repository\io\opentracing\opentracing-noop\0.33.0\opentracing-noop-0.33.0.jar;C:\Users\P1608\.m2\repository\io\opentracing\opentracing-util\0.33.0\opentracing-util-0.33.0.jar;C:\Users\P1608\.m2\repository\io\opentracing\contrib\opentracing-tracerresolver\0.1.8\opentracing-tracerresolver-0.1.8.jar;C:\Users\P1608\.m2\repository\io\opentracing\opentracing-api\0.33.0\opentracing-api-0.33.0.jar;C:\Users\P1608\.m2\repository\io\jaegertracing\jaeger-client\1.3.2\jaeger-client-1.3.2.jar;C:\Users\P1608\.m2\repository\io\jaegertracing\jaeger-thrift\1.3.2\jaeger-thrift-1.3.2.jar;C:\Users\P1608\.m2\repository\org\apache\thrift\libthrift\0.13.0\libthrift-0.13.0.jar;C:\Users\P1608\.m2\repository\javax\annotation\javax.annotation-api\1.3.2\javax.annotation-api-1.3.2.jar;C:\Users\P1608\.m2\repository\com\squareup\okhttp3\okhttp\4.9.3\okhttp-4.9.3.jar;C:\Users\P1608\.m2\repository\com\squareup\okio\okio\2.8.0\okio-2.8.0.jar;C:\Users\P1608\.m2\repository\org\jetbrains\kotlin\kotlin-stdlib-common\1.6.21\kotlin-stdlib-common-1.6.21.jar;C:\Users\P1608\.m2\repository\org\jetbrains\kotlin\kotlin-stdlib\1.6.21\kotlin-stdlib-1.6.21.jar;C:\Users\P1608\.m2\repository\org\jetbrains\annotations\13.0\annotations-13.0.jar;C:\Users\P1608\.m2\repository\io\jaegertracing\jaeger-core\1.3.2\jaeger-core-1.3.2.jar;C:\Users\P1608\.m2\repository\com\google\code\gson\gson\2.9.1\gson-2.9.1.jar;C:\Users\P1608\.m2\repository\io\jaegertracing\jaeger-tracerresolver\1.3.2\jaeger-tracerresolver-1.3.2.jar;C:\Users\P1608\.m2\repository\io\opentracing\contrib\opentracing-spring-cloud-starter\0.5.3\opentracing-spring-cloud-starter-0.5.3.jar;C:\Users\P1608\.m2\repository\io\opentracing\contrib\opentracing-spring-cloud-core\0.5.3\opentracing-spring-cloud-core-0.5.3.jar;C:\Users\P1608\.m2\repository\org\springframework\boot\spring-boot-starter-aop\2.7.6\spring-boot-starter-aop-2.7.6.jar;C:\Users\P1608\.m2\repository\org\aspectj\aspectjweaver\1.9.7\aspectjweaver-1.9.7.jar;C:\Users\P1608\.m2\repository\io\opentracing\contrib\opentracing-concurrent\0.4.0\opentracing-concurrent-0.4.0.jar;C:\Users\P1608\.m2\repository\io\opentracing\contrib\opentracing-spring-web-starter\3.0.1\opentracing-spring-web-starter-3.0.1.jar;C:\Users\P1608\.m2\repository\io\opentracing\contrib\opentracing-spring-web\3.0.1\opentracing-spring-web-3.0.1.jar;C:\Users\P1608\.m2\repository\io\opentracing\contrib\opentracing-web-servlet-filter\0.4.0\opentracing-web-servlet-filter-0.4.0.jar;C:\Users\P1608\.m2\repository\io\opentracing\contrib\opentracing-spring-messaging-starter\1.0.0\opentracing-spring-messaging-starter-1.0.0.jar;C:\Users\P1608\.m2\repository\io\opentracing\contrib\opentracing-spring-messaging\1.0.0\opentracing-spring-messaging-1.0.0.jar;C:\Users\P1608\.m2\repository\io\opentracing\contrib\opentracing-spring-rabbitmq-starter\3.0.0\opentracing-spring-rabbitmq-starter-3.0.0.jar;C:\Users\P1608\.m2\repository\io\opentracing\contrib\opentracing-spring-rabbitmq\3.0.0\opentracing-spring-rabbitmq-3.0.0.jar;C:\Users\P1608\.m2\repository\io\opentracing\contrib\opentracing-spring-cloud-jdbc-starter\0.5.3\opentracing-spring-cloud-jdbc-starter-0.5.3.jar;C:\Users\P1608\.m2\repository\io\opentracing\contrib\opentracing-jdbc\0.2.8\opentracing-jdbc-0.2.8.jar;C:\Users\P1608\.m2\repository\io\opentracing\contrib\common\0.1.4\common-0.1.4.jar;C:\Users\P1608\.m2\repository\io\opentracing\contrib\opentracing-spring-cloud-jms-starter\0.5.3\opentracing-spring-cloud-jms-starter-0.5.3.jar;C:\Users\P1608\.m2\repository\io\opentracing\contrib\opentracing-jms-spring\0.1.7\opentracing-jms-spring-0.1.7.jar;C:\Users\P1608\.m2\repository\io\opentracing\contrib\opentracing-jms-2\0.1.7\opentracing-jms-2-0.1.7.jar;C:\Users\P1608\.m2\repository\io\opentracing\contrib\opentracing-jms-common\0.1.7\opentracing-jms-common-0.1.7.jar;C:\Users\P1608\.m2\repository\io\opentracing\contrib\opentracing-spring-cloud-kafka-starter\0.5.3\opentracing-spring-cloud-kafka-starter-0.5.3.jar;C:\Users\P1608\.m2\repository\io\opentracing\contrib\opentracing-kafka-spring\0.1.12\opentracing-kafka-spring-0.1.12.jar;C:\Users\P1608\.m2\repository\io\opentracing\contrib\opentracing-kafka-client\0.1.12\opentracing-kafka-client-0.1.12.jar;C:\Users\P1608\.m2\repository\io\opentracing\contrib\opentracing-spring-cloud-feign-starter\0.5.3\opentracing-spring-cloud-feign-starter-0.5.3.jar;C:\Users\P1608\.m2\repository\io\github\openfeign\opentracing\feign-opentracing\0.4.0\feign-opentracing-0.4.0.jar;C:\Users\P1608\.m2\repository\io\github\openfeign\opentracing\feign-hystrix-opentracing\0.4.0\feign-hystrix-opentracing-0.4.0.jar;C:\Users\P1608\.m2\repository\io\opentracing\contrib\opentracing-spring-cloud-hystrix-starter\0.5.3\opentracing-spring-cloud-hystrix-starter-0.5.3.jar;C:\Users\P1608\.m2\repository\io\opentracing\contrib\opentracing-spring-cloud-reactor-starter\0.5.3\opentracing-spring-cloud-reactor-starter-0.5.3.jar;C:\Users\P1608\.m2\repository\io\opentracing\contrib\opentracing-reactor\0.1.2\opentracing-reactor-0.1.2.jar;C:\Users\P1608\.m2\repository\io\opentracing\contrib\opentracing-spring-cloud-rxjava-starter\0.5.3\opentracing-spring-cloud-rxjava-starter-0.5.3.jar;C:\Users\P1608\.m2\repository\io\opentracing\contrib\opentracing-rxjava-1\0.1.3\opentracing-rxjava-1-0.1.3.jar;C:\Users\P1608\.m2\repository\io\opentracing\contrib\opentracing-spring-cloud-redis-starter\0.5.3\opentracing-spring-cloud-redis-starter-0.5.3.jar;C:\Users\P1608\.m2\repository\io\opentracing\contrib\opentracing-redis-spring-data2\0.1.14\opentracing-redis-spring-data2-0.1.14.jar;C:\Users\P1608\.m2\repository\io\opentracing\contrib\opentracing-redis-common\0.1.14\opentracing-redis-common-0.1.14.jar;C:\Users\P1608\.m2\repository\io\opentracing\contrib\opentracing-spring-cloud-mongo-starter\0.5.3\opentracing-spring-cloud-mongo-starter-0.5.3.jar;C:\Users\P1608\.m2\repository\io\opentracing\contrib\opentracing-mongo-driver\0.1.5\opentracing-mongo-driver-0.1.5.jar;C:\Users\P1608\.m2\repository\io\opentracing\contrib\opentracing-mongo-common\0.1.5\opentracing-mongo-common-0.1.5.jar;C:\Users\P1608\.m2\repository\io\opentracing\contrib\opentracing-spring-cloud-websocket-starter\0.5.3\opentracing-spring-cloud-websocket-starter-0.5.3.jar;C:\Users\P1608\.m2\repository\io\opentracing\contrib\opentracing-spring-cloud-zuul-starter\0.5.3\opentracing-spring-cloud-zuul-starter-0.5.3.jar;C:\Users\P1608\.m2\repository\io\opentracing\contrib\opentracing-spring-cloud-gateway-starter\0.5.3\opentracing-spring-cloud-gateway-starter-0.5.3.jar;"/>
    <property name="java.vm.vendor" value="Oracle Corporation"/>
    <property name="sun.arch.data.model" value="64"/>
    <property name="user.variant" value=""/>
    <property name="java.vendor.url" value="https://java.oracle.com/"/>
    <property name="user.timezone" value="Europe/Istanbul"/>
    <property name="os.name" value="Windows 10"/>
    <property name="java.vm.specification.version" value="18"/>
    <property name="sun.java.launcher" value="SUN_STANDARD"/>
    <property name="user.country" value="TR"/>
    <property name="sun.boot.library.path" value="C:\Program Files\Java\jdk-18.0.2.1\bin"/>
    <property name="sun.java.command" value="C:\Users\P1608\AppData\Local\Temp\surefire17843454878083246121\surefirebooter13508010297621982119.jar C:\Users\P1608\AppData\Local\Temp\surefire17843454878083246121 2023-01-11T09-46-19_107-jvmRun1 surefire10615593097473554956tmp surefire_0220143222929299940tmp"/>
    <property name="jdk.debug" value="release"/>
    <property name="surefire.test.class.path" value="C:\Users\P1608\Desktop\MERT\MERT\Projects\SpringBootProjects\kubernetes-spring-rabbitmq\producer\target\test-classes;C:\Users\P1608\Desktop\MERT\MERT\Projects\SpringBootProjects\kubernetes-spring-rabbitmq\producer\target\classes;C:\Users\P1608\.m2\repository\org\springframework\boot\spring-boot-starter-amqp\2.7.6\spring-boot-starter-amqp-2.7.6.jar;C:\Users\P1608\.m2\repository\org\springframework\boot\spring-boot-starter\2.7.6\spring-boot-starter-2.7.6.jar;C:\Users\P1608\.m2\repository\org\springframework\boot\spring-boot\2.7.6\spring-boot-2.7.6.jar;C:\Users\P1608\.m2\repository\org\springframework\boot\spring-boot-autoconfigure\2.7.6\spring-boot-autoconfigure-2.7.6.jar;C:\Users\P1608\.m2\repository\org\springframework\boot\spring-boot-starter-logging\2.7.6\spring-boot-starter-logging-2.7.6.jar;C:\Users\P1608\.m2\repository\ch\qos\logback\logback-classic\1.2.11\logback-classic-1.2.11.jar;C:\Users\P1608\.m2\repository\ch\qos\logback\logback-core\1.2.11\logback-core-1.2.11.jar;C:\Users\P1608\.m2\repository\org\apache\logging\log4j\log4j-to-slf4j\2.17.2\log4j-to-slf4j-2.17.2.jar;C:\Users\P1608\.m2\repository\org\apache\logging\log4j\log4j-api\2.17.2\log4j-api-2.17.2.jar;C:\Users\P1608\.m2\repository\org\slf4j\jul-to-slf4j\1.7.36\jul-to-slf4j-1.7.36.jar;C:\Users\P1608\.m2\repository\jakarta\annotation\jakarta.annotation-api\1.3.5\jakarta.annotation-api-1.3.5.jar;C:\Users\P1608\.m2\repository\org\yaml\snakeyaml\1.30\snakeyaml-1.30.jar;C:\Users\P1608\.m2\repository\org\springframework\spring-messaging\5.3.24\spring-messaging-5.3.24.jar;C:\Users\P1608\.m2\repository\org\springframework\spring-beans\5.3.24\spring-beans-5.3.24.jar;C:\Users\P1608\.m2\repository\org\springframework\amqp\spring-rabbit\2.4.8\spring-rabbit-2.4.8.jar;C:\Users\P1608\.m2\repository\org\springframework\amqp\spring-amqp\2.4.8\spring-amqp-2.4.8.jar;C:\Users\P1608\.m2\repository\org\springframework\retry\spring-retry\1.3.4\spring-retry-1.3.4.jar;C:\Users\P1608\.m2\repository\com\rabbitmq\amqp-client\5.14.2\amqp-client-5.14.2.jar;C:\Users\P1608\.m2\repository\org\springframework\spring-context\5.3.24\spring-context-5.3.24.jar;C:\Users\P1608\.m2\repository\org\springframework\spring-tx\5.3.24\spring-tx-5.3.24.jar;C:\Users\P1608\.m2\repository\org\springframework\boot\spring-boot-starter-web\2.7.6\spring-boot-starter-web-2.7.6.jar;C:\Users\P1608\.m2\repository\org\springframework\boot\spring-boot-starter-json\2.7.6\spring-boot-starter-json-2.7.6.jar;C:\Users\P1608\.m2\repository\com\fasterxml\jackson\core\jackson-databind\2.13.4.2\jackson-databind-2.13.4.2.jar;C:\Users\P1608\.m2\repository\com\fasterxml\jackson\core\jackson-annotations\2.13.4\jackson-annotations-2.13.4.jar;C:\Users\P1608\.m2\repository\com\fasterxml\jackson\core\jackson-core\2.13.4\jackson-core-2.13.4.jar;C:\Users\P1608\.m2\repository\com\fasterxml\jackson\datatype\jackson-datatype-jdk8\2.13.4\jackson-datatype-jdk8-2.13.4.jar;C:\Users\P1608\.m2\repository\com\fasterxml\jackson\datatype\jackson-datatype-jsr310\2.13.4\jackson-datatype-jsr310-2.13.4.jar;C:\Users\P1608\.m2\repository\com\fasterxml\jackson\module\jackson-module-parameter-names\2.13.4\jackson-module-parameter-names-2.13.4.jar;C:\Users\P1608\.m2\repository\org\springframework\boot\spring-boot-starter-tomcat\2.7.6\spring-boot-starter-tomcat-2.7.6.jar;C:\Users\P1608\.m2\repository\org\apache\tomcat\embed\tomcat-embed-core\9.0.69\tomcat-embed-core-9.0.69.jar;C:\Users\P1608\.m2\repository\org\apache\tomcat\embed\tomcat-embed-el\9.0.69\tomcat-embed-el-9.0.69.jar;C:\Users\P1608\.m2\repository\org\apache\tomcat\embed\tomcat-embed-websocket\9.0.69\tomcat-embed-websocket-9.0.69.jar;C:\Users\P1608\.m2\repository\org\springframework\spring-web\5.3.24\spring-web-5.3.24.jar;C:\Users\P1608\.m2\repository\org\springframework\spring-webmvc\5.3.24\spring-webmvc-5.3.24.jar;C:\Users\P1608\.m2\repository\org\springframework\spring-aop\5.3.24\spring-aop-5.3.24.jar;C:\Users\P1608\.m2\repository\org\springframework\spring-expression\5.3.24\spring-expression-5.3.24.jar;C:\Users\P1608\.m2\repository\org\projectlombok\lombok\1.18.24\lombok-1.18.24.jar;C:\Users\P1608\.m2\repository\org\springframework\boot\spring-boot-starter-test\2.7.6\spring-boot-starter-test-2.7.6.jar;C:\Users\P1608\.m2\repository\org\springframework\boot\spring-boot-test\2.7.6\spring-boot-test-2.7.6.jar;C:\Users\P1608\.m2\repository\org\springframework\boot\spring-boot-test-autoconfigure\2.7.6\spring-boot-test-autoconfigure-2.7.6.jar;C:\Users\P1608\.m2\repository\com\jayway\jsonpath\json-path\2.7.0\json-path-2.7.0.jar;C:\Users\P1608\.m2\repository\net\minidev\json-smart\2.4.8\json-smart-2.4.8.jar;C:\Users\P1608\.m2\repository\net\minidev\accessors-smart\2.4.8\accessors-smart-2.4.8.jar;C:\Users\P1608\.m2\repository\org\ow2\asm\asm\9.1\asm-9.1.jar;C:\Users\P1608\.m2\repository\org\slf4j\slf4j-api\1.7.36\slf4j-api-1.7.36.jar;C:\Users\P1608\.m2\repository\jakarta\xml\bind\jakarta.xml.bind-api\2.3.3\jakarta.xml.bind-api-2.3.3.jar;C:\Users\P1608\.m2\repository\jakarta\activation\jakarta.activation-api\1.2.2\jakarta.activation-api-1.2.2.jar;C:\Users\P1608\.m2\repository\org\assertj\assertj-core\3.22.0\assertj-core-3.22.0.jar;C:\Users\P1608\.m2\repository\org\hamcrest\hamcrest\2.2\hamcrest-2.2.jar;C:\Users\P1608\.m2\repository\org\junit\jupiter\junit-jupiter\5.8.2\junit-jupiter-5.8.2.jar;C:\Users\P1608\.m2\repository\org\junit\jupiter\junit-jupiter-api\5.8.2\junit-jupiter-api-5.8.2.jar;C:\Users\P1608\.m2\repository\org\opentest4j\opentest4j\1.2.0\opentest4j-1.2.0.jar;C:\Users\P1608\.m2\repository\org\junit\platform\junit-platform-commons\1.8.2\junit-platform-commons-1.8.2.jar;C:\Users\P1608\.m2\repository\org\apiguardian\apiguardian-api\1.1.2\apiguardian-api-1.1.2.jar;C:\Users\P1608\.m2\repository\org\junit\jupiter\junit-jupiter-params\5.8.2\junit-jupiter-params-5.8.2.jar;C:\Users\P1608\.m2\repository\org\junit\jupiter\junit-jupiter-engine\5.8.2\junit-jupiter-engine-5.8.2.jar;C:\Users\P1608\.m2\repository\org\junit\platform\junit-platform-engine\1.8.2\junit-platform-engine-1.8.2.jar;C:\Users\P1608\.m2\repository\org\mockito\mockito-core\4.5.1\mockito-core-4.5.1.jar;C:\Users\P1608\.m2\repository\net\bytebuddy\byte-buddy\1.12.19\byte-buddy-1.12.19.jar;C:\Users\P1608\.m2\repository\net\bytebuddy\byte-buddy-agent\1.12.19\byte-buddy-agent-1.12.19.jar;C:\Users\P1608\.m2\repository\org\objenesis\objenesis\3.2\objenesis-3.2.jar;C:\Users\P1608\.m2\repository\org\mockito\mockito-junit-jupiter\4.5.1\mockito-junit-jupiter-4.5.1.jar;C:\Users\P1608\.m2\repository\org\skyscreamer\jsonassert\1.5.1\jsonassert-1.5.1.jar;C:\Users\P1608\.m2\repository\com\vaadin\external\google\android-json\0.0.20131108.vaadin1\android-json-0.0.20131108.vaadin1.jar;C:\Users\P1608\.m2\repository\org\springframework\spring-core\5.3.24\spring-core-5.3.24.jar;C:\Users\P1608\.m2\repository\org\springframework\spring-jcl\5.3.24\spring-jcl-5.3.24.jar;C:\Users\P1608\.m2\repository\org\springframework\spring-test\5.3.24\spring-test-5.3.24.jar;C:\Users\P1608\.m2\repository\org\xmlunit\xmlunit-core\2.9.0\xmlunit-core-2.9.0.jar;C:\Users\P1608\.m2\repository\org\springframework\amqp\spring-rabbit-test\2.4.8\spring-rabbit-test-2.4.8.jar;C:\Users\P1608\.m2\repository\org\springframework\amqp\spring-rabbit-junit\2.4.8\spring-rabbit-junit-2.4.8.jar;C:\Users\P1608\.m2\repository\org\apache\httpcomponents\httpclient\4.5.13\httpclient-4.5.13.jar;C:\Users\P1608\.m2\repository\org\apache\httpcomponents\httpcore\4.4.15\httpcore-4.4.15.jar;C:\Users\P1608\.m2\repository\commons-codec\commons-codec\1.15\commons-codec-1.15.jar;C:\Users\P1608\.m2\repository\org\hamcrest\hamcrest-library\2.2\hamcrest-library-2.2.jar;C:\Users\P1608\.m2\repository\org\hamcrest\hamcrest-core\2.2\hamcrest-core-2.2.jar;C:\Users\P1608\.m2\repository\io\opentracing\contrib\opentracing-spring-jaeger-cloud-starter\3.3.1\opentracing-spring-jaeger-cloud-starter-3.3.1.jar;C:\Users\P1608\.m2\repository\io\opentracing\contrib\opentracing-spring-jaeger-starter\3.3.1\opentracing-spring-jaeger-starter-3.3.1.jar;C:\Users\P1608\.m2\repository\io\opentracing\contrib\opentracing-spring-tracer-configuration-starter\0.4.0\opentracing-spring-tracer-configuration-starter-0.4.0.jar;C:\Users\P1608\.m2\repository\io\opentracing\opentracing-noop\0.33.0\opentracing-noop-0.33.0.jar;C:\Users\P1608\.m2\repository\io\opentracing\opentracing-util\0.33.0\opentracing-util-0.33.0.jar;C:\Users\P1608\.m2\repository\io\opentracing\contrib\opentracing-tracerresolver\0.1.8\opentracing-tracerresolver-0.1.8.jar;C:\Users\P1608\.m2\repository\io\opentracing\opentracing-api\0.33.0\opentracing-api-0.33.0.jar;C:\Users\P1608\.m2\repository\io\jaegertracing\jaeger-client\1.3.2\jaeger-client-1.3.2.jar;C:\Users\P1608\.m2\repository\io\jaegertracing\jaeger-thrift\1.3.2\jaeger-thrift-1.3.2.jar;C:\Users\P1608\.m2\repository\org\apache\thrift\libthrift\0.13.0\libthrift-0.13.0.jar;C:\Users\P1608\.m2\repository\javax\annotation\javax.annotation-api\1.3.2\javax.annotation-api-1.3.2.jar;C:\Users\P1608\.m2\repository\com\squareup\okhttp3\okhttp\4.9.3\okhttp-4.9.3.jar;C:\Users\P1608\.m2\repository\com\squareup\okio\okio\2.8.0\okio-2.8.0.jar;C:\Users\P1608\.m2\repository\org\jetbrains\kotlin\kotlin-stdlib-common\1.6.21\kotlin-stdlib-common-1.6.21.jar;C:\Users\P1608\.m2\repository\org\jetbrains\kotlin\kotlin-stdlib\1.6.21\kotlin-stdlib-1.6.21.jar;C:\Users\P1608\.m2\repository\org\jetbrains\annotations\13.0\annotations-13.0.jar;C:\Users\P1608\.m2\repository\io\jaegertracing\jaeger-core\1.3.2\jaeger-core-1.3.2.jar;C:\Users\P1608\.m2\repository\com\google\code\gson\gson\2.9.1\gson-2.9.1.jar;C:\Users\P1608\.m2\repository\io\jaegertracing\jaeger-tracerresolver\1.3.2\jaeger-tracerresolver-1.3.2.jar;C:\Users\P1608\.m2\repository\io\opentracing\contrib\opentracing-spring-cloud-starter\0.5.3\opentracing-spring-cloud-starter-0.5.3.jar;C:\Users\P1608\.m2\repository\io\opentracing\contrib\opentracing-spring-cloud-core\0.5.3\opentracing-spring-cloud-core-0.5.3.jar;C:\Users\P1608\.m2\repository\org\springframework\boot\spring-boot-starter-aop\2.7.6\spring-boot-starter-aop-2.7.6.jar;C:\Users\P1608\.m2\repository\org\aspectj\aspectjweaver\1.9.7\aspectjweaver-1.9.7.jar;C:\Users\P1608\.m2\repository\io\opentracing\contrib\opentracing-concurrent\0.4.0\opentracing-concurrent-0.4.0.jar;C:\Users\P1608\.m2\repository\io\opentracing\contrib\opentracing-spring-web-starter\3.0.1\opentracing-spring-web-starter-3.0.1.jar;C:\Users\P1608\.m2\repository\io\opentracing\contrib\opentracing-spring-web\3.0.1\opentracing-spring-web-3.0.1.jar;C:\Users\P1608\.m2\repository\io\opentracing\contrib\opentracing-web-servlet-filter\0.4.0\opentracing-web-servlet-filter-0.4.0.jar;C:\Users\P1608\.m2\repository\io\opentracing\contrib\opentracing-spring-messaging-starter\1.0.0\opentracing-spring-messaging-starter-1.0.0.jar;C:\Users\P1608\.m2\repository\io\opentracing\contrib\opentracing-spring-messaging\1.0.0\opentracing-spring-messaging-1.0.0.jar;C:\Users\P1608\.m2\repository\io\opentracing\contrib\opentracing-spring-rabbitmq-starter\3.0.0\opentracing-spring-rabbitmq-starter-3.0.0.jar;C:\Users\P1608\.m2\repository\io\opentracing\contrib\opentracing-spring-rabbitmq\3.0.0\opentracing-spring-rabbitmq-3.0.0.jar;C:\Users\P1608\.m2\repository\io\opentracing\contrib\opentracing-spring-cloud-jdbc-starter\0.5.3\opentracing-spring-cloud-jdbc-starter-0.5.3.jar;C:\Users\P1608\.m2\repository\io\opentracing\contrib\opentracing-jdbc\0.2.8\opentracing-jdbc-0.2.8.jar;C:\Users\P1608\.m2\repository\io\opentracing\contrib\common\0.1.4\common-0.1.4.jar;C:\Users\P1608\.m2\repository\io\opentracing\contrib\opentracing-spring-cloud-jms-starter\0.5.3\opentracing-spring-cloud-jms-starter-0.5.3.jar;C:\Users\P1608\.m2\repository\io\opentracing\contrib\opentracing-jms-spring\0.1.7\opentracing-jms-spring-0.1.7.jar;C:\Users\P1608\.m2\repository\io\opentracing\contrib\opentracing-jms-2\0.1.7\opentracing-jms-2-0.1.7.jar;C:\Users\P1608\.m2\repository\io\opentracing\contrib\opentracing-jms-common\0.1.7\opentracing-jms-common-0.1.7.jar;C:\Users\P1608\.m2\repository\io\opentracing\contrib\opentracing-spring-cloud-kafka-starter\0.5.3\opentracing-spring-cloud-kafka-starter-0.5.3.jar;C:\Users\P1608\.m2\repository\io\opentracing\contrib\opentracing-kafka-spring\0.1.12\opentracing-kafka-spring-0.1.12.jar;C:\Users\P1608\.m2\repository\io\opentracing\contrib\opentracing-kafka-client\0.1.12\opentracing-kafka-client-0.1.12.jar;C:\Users\P1608\.m2\repository\io\opentracing\contrib\opentracing-spring-cloud-feign-starter\0.5.3\opentracing-spring-cloud-feign-starter-0.5.3.jar;C:\Users\P1608\.m2\repository\io\github\openfeign\opentracing\feign-opentracing\0.4.0\feign-opentracing-0.4.0.jar;C:\Users\P1608\.m2\repository\io\github\openfeign\opentracing\feign-hystrix-opentracing\0.4.0\feign-hystrix-opentracing-0.4.0.jar;C:\Users\P1608\.m2\repository\io\opentracing\contrib\opentracing-spring-cloud-hystrix-starter\0.5.3\opentracing-spring-cloud-hystrix-starter-0.5.3.jar;C:\Users\P1608\.m2\repository\io\opentracing\contrib\opentracing-spring-cloud-reactor-starter\0.5.3\opentracing-spring-cloud-reactor-starter-0.5.3.jar;C:\Users\P1608\.m2\repository\io\opentracing\contrib\opentracing-reactor\0.1.2\opentracing-reactor-0.1.2.jar;C:\Users\P1608\.m2\repository\io\opentracing\contrib\opentracing-spring-cloud-rxjava-starter\0.5.3\opentracing-spring-cloud-rxjava-starter-0.5.3.jar;C:\Users\P1608\.m2\repository\io\opentracing\contrib\opentracing-rxjava-1\0.1.3\opentracing-rxjava-1-0.1.3.jar;C:\Users\P1608\.m2\repository\io\opentracing\contrib\opentracing-spring-cloud-redis-starter\0.5.3\opentracing-spring-cloud-redis-starter-0.5.3.jar;C:\Users\P1608\.m2\repository\io\opentracing\contrib\opentracing-redis-spring-data2\0.1.14\opentracing-redis-spring-data2-0.1.14.jar;C:\Users\P1608\.m2\repository\io\opentracing\contrib\opentracing-redis-common\0.1.14\opentracing-redis-common-0.1.14.jar;C:\Users\P1608\.m2\repository\io\opentracing\contrib\opentracing-spring-cloud-mongo-starter\0.5.3\opentracing-spring-cloud-mongo-starter-0.5.3.jar;C:\Users\P1608\.m2\repository\io\opentracing\contrib\opentracing-mongo-driver\0.1.5\opentracing-mongo-driver-0.1.5.jar;C:\Users\P1608\.m2\repository\io\opentracing\contrib\opentracing-mongo-common\0.1.5\opentracing-mongo-common-0.1.5.jar;C:\Users\P1608\.m2\repository\io\opentracing\contrib\opentracing-spring-cloud-websocket-starter\0.5.3\opentracing-spring-cloud-websocket-starter-0.5.3.jar;C:\Users\P1608\.m2\repository\io\opentracing\contrib\opentracing-spring-cloud-zuul-starter\0.5.3\opentracing-spring-cloud-zuul-starter-0.5.3.jar;C:\Users\P1608\.m2\repository\io\opentracing\contrib\opentracing-spring-cloud-gateway-starter\0.5.3\opentracing-spring-cloud-gateway-starter-0.5.3.jar;"/>
    <property name="sun.cpu.endian" value="little"/>
    <property name="user.home" value="C:\Users\P1608"/>
    <property name="user.language" value="tr"/>
    <property name="java.specification.vendor" value="Oracle Corporation"/>
    <property name="java.version.date" value="2022-08-18"/>
    <property name="java.home" value="C:\Program Files\Java\jdk-18.0.2.1"/>
    <property name="file.separator" value="\"/>
    <property name="basedir" value="C:\Users\P1608\Desktop\MERT\MERT\Projects\SpringBootProjects\kubernetes-spring-rabbitmq\producer"/>
    <property name="java.vm.compressedOopsMode" value="Zero based"/>
    <property name="line.separator" value="&#10;"/>
    <property name="java.vm.specification.vendor" value="Oracle Corporation"/>
    <property name="java.specification.name" value="Java Platform API Specification"/>
    <property name="surefire.real.class.path" value="C:\Users\P1608\AppData\Local\Temp\surefire17843454878083246121\surefirebooter13508010297621982119.jar"/>
    <property name="user.script" value=""/>
    <property name="sun.management.compiler" value="HotSpot 64-Bit Tiered Compilers"/>
    <property name="java.runtime.version" value="18.0.2.1+1-1"/>
    <property name="user.name" value="P1608"/>
    <property name="path.separator" value=";"/>
    <property name="os.version" value="10.0"/>
    <property name="java.runtime.name" value="Java(TM) SE Runtime Environment"/>
    <property name="file.encoding" value="UTF-8"/>
    <property name="java.vm.name" value="Java HotSpot(TM) 64-Bit Server VM"/>
    <property name="localRepository" value="C:\Users\P1608\.m2\repository"/>
    <property name="java.vendor.url.bug" value="https://bugreport.java.com/bugreport/"/>
    <property name="java.io.tmpdir" value="C:\Users\P1608\AppData\Local\Temp\"/>
    <property name="java.version" value="18.0.2.1"/>
    <property name="user.dir" value="C:\Users\P1608\Desktop\MERT\MERT\Projects\SpringBootProjects\kubernetes-spring-rabbitmq\producer"/>
    <property name="os.arch" value="amd64"/>
    <property name="java.vm.specification.name" value="Java Virtual Machine Specification"/>
    <property name="sun.os.patch.level" value=""/>
    <property name="native.encoding" value="Cp1254"/>
    <property name="java.library.path" value="C:\Program Files\Java\jdk-18.0.2.1\bin;C:\Windows\Sun\Java\bin;C:\Windows\system32;C:\Windows;C:\Program Files\Common Files\Oracle\Java\javapath;C:\Program Files (x86)\Common Files\Oracle\Java\javapath;C:\Windows\system32;C:\Windows;C:\Windows\System32\Wbem;C:\Windows\System32\WindowsPowerShell\v1.0\;C:\Windows\System32\OpenSSH\;C:\Program Files\Git\cmd;C:\Program Files\Docker\Docker\resources\bin;C:\Program Files\Maven\apache-maven-3.8.6\bin;C:\Users\P1608\AppData\Local\Microsoft\WindowsApps;;C:\Users\P1608\AppData\Local\Programs\Microsoft VS Code\bin;C:\Program Files\JetBrains\IntelliJ IDEA Community Edition 2022.3.1\bin;;."/>
    <property name="java.vm.info" value="mixed mode, sharing"/>
    <property name="java.vendor" value="Oracle Corporation"/>
    <property name="java.vm.version" value="18.0.2.1+1-1"/>
    <property name="sun.io.unicode.encoding" value="UnicodeLittle"/>
    <property name="java.class.version" value="62.0"/>
  </properties>
  <testcase name="contextLoads" classname="com.example.springrabbitmq.SpringRabbitmqApplicationTests" time="0.502"/>
</testsuite>